Performing C SOURCE FILE Test CMAKE_HAVE_LIBC_PTHREAD failed with the following output:
Change Dir: /home/raoulmarais/NetBeansProjects/Christmas_starry_night/build/CMakeFiles/CMakeTmp

Run Build Command(s):/usr/bin/gmake cmTC_2d3d5/fast && /usr/bin/gmake  -f CMakeFiles/cmTC_2d3d5.dir/build.make CMakeFiles/cmTC_2d3d5.dir/build
gmake[1]: Entering directory '/store/Development/NetBeansProjects/Christmas_starry_night/build/CMakeFiles/CMakeTmp'
Building C object CMakeFiles/cmTC_2d3d5.dir/src.c.o
/usr/lib64/ccache/cc   -DCMAKE_HAVE_LIBC_PTHREAD -o CMakeFiles/cmTC_2d3d5.dir/src.c.o -c /home/raoulmarais/NetBeansProjects/Christmas_starry_night/build/CMakeFiles/CMakeTmp/src.c
Linking C executable cmTC_2d3d5
/usr/bin/cmake -E cmake_link_script CMakeFiles/cmTC_2d3d5.dir/link.txt --verbose=1
/usr/lib64/ccache/cc  -DCMAKE_HAVE_LIBC_PTHREAD CMakeFiles/cmTC_2d3d5.dir/src.c.o -o cmTC_2d3d5 
/usr/bin/ld: CMakeFiles/cmTC_2d3d5.dir/src.c.o: in function `main':
src.c:(.text+0x2d): undefined reference to `pthread_create'
/usr/bin/ld: src.c:(.text+0x39): undefined reference to `pthread_detach'
/usr/bin/ld: src.c:(.text+0x45): undefined reference to `pthread_cancel'
/usr/bin/ld: src.c:(.text+0x56): undefined reference to `pthread_join'
collect2: error: ld returned 1 exit status
gmake[1]: *** [CMakeFiles/cmTC_2d3d5.dir/build.make:106: cmTC_2d3d5] Error 1
gmake[1]: Leaving directory '/store/Development/NetBeansProjects/Christmas_starry_night/build/CMakeFiles/CMakeTmp'
gmake: *** [Makefile:140: cmTC_2d3d5/fast] Error 2


Source file was:
#include <pthread.h>

void* test_func(void* data)
{
  return data;
}

int main(void)
{
  pthread_t thread;
  pthread_create(&thread, NULL, test_func, NULL);
  pthread_detach(thread);
  pthread_cancel(thread);
  pthread_join(thread, NULL);
  pthread_atfork(NULL, NULL, NULL);
  pthread_exit(NULL);

  return 0;
}

Determining if the function pthread_create exists in the pthreads failed with the following output:
Change Dir: /home/raoulmarais/NetBeansProjects/Christmas_starry_night/build/CMakeFiles/CMakeTmp

Run Build Command(s):/usr/bin/gmake cmTC_b0020/fast && /usr/bin/gmake  -f CMakeFiles/cmTC_b0020.dir/build.make CMakeFiles/cmTC_b0020.dir/build
gmake[1]: Entering directory '/store/Development/NetBeansProjects/Christmas_starry_night/build/CMakeFiles/CMakeTmp'
Building C object CMakeFiles/cmTC_b0020.dir/CheckFunctionExists.c.o
/usr/lib64/ccache/cc   -DCHECK_FUNCTION_EXISTS=pthread_create -o CMakeFiles/cmTC_b0020.dir/CheckFunctionExists.c.o -c /usr/share/cmake/Modules/CheckFunctionExists.c
Linking C executable cmTC_b0020
/usr/bin/cmake -E cmake_link_script CMakeFiles/cmTC_b0020.dir/link.txt --verbose=1
/usr/lib64/ccache/cc  -DCHECK_FUNCTION_EXISTS=pthread_create CMakeFiles/cmTC_b0020.dir/CheckFunctionExists.c.o -o cmTC_b0020  -lpthreads 
/usr/bin/ld: cannot find -lpthreads
collect2: error: ld returned 1 exit status
gmake[1]: *** [CMakeFiles/cmTC_b0020.dir/build.make:106: cmTC_b0020] Error 1
gmake[1]: Leaving directory '/store/Development/NetBeansProjects/Christmas_starry_night/build/CMakeFiles/CMakeTmp'
gmake: *** [Makefile:140: cmTC_b0020/fast] Error 2



